[0604/144554.815:ERROR:process_info.cc(359)] UncheckedAllocate
[0604/144559.980:ERROR:process_info.cc(359)] UncheckedAllocate
[0604/181209.934:ERROR:file_io.cc(89)] ReadExactly: expected 11480, observed 0
[0604/181209.935:ERROR:crash_report_database_win.cc(445)] failed to read records
[0605/200827.312:ERROR:process_info.cc(359)] UncheckedAllocate
[0605/200827.622:ERROR:process_info.cc(359)] UncheckedAllocate
[0606/103134.036:ERROR:process_info.cc(359)] UncheckedAllocate
[0606/105310.288:ERROR:process_reader_win.cc(188)] ResumeThread: The parameter is incorrect. (0x57)
[0606/105310.289:ERROR:process_reader_win.cc(123)] NtOpenThread: An invalid Client ID was specified. (0xc000000b)
[0606/105310.371:ERROR:process_reader_win.cc(123)] NtOpenThread: An invalid Client ID was specified. (0xc000000b)
[0606/105310.372:ERROR:process_reader_win.cc(123)] NtOpenThread: An invalid Client ID was specified. (0xc000000b)
[0606/105310.372:ERROR:process_reader_win.cc(123)] NtOpenThread: An invalid Client ID was specified. (0xc000000b)
[0606/105310.372:ERROR:process_reader_win.cc(123)] NtOpenThread: An invalid Client ID was specified. (0xc000000b)
[0606/105310.372:ERROR:process_reader_win.cc(123)] NtOpenThread: An invalid Client ID was specified. (0xc000000b)
[0606/105310.372:ERROR:process_reader_win.cc(123)] NtOpenThread: An invalid Client ID was specified. (0xc000000b)
[0606/105310.372:ERROR:process_memory_win.cc(73)] ReadMemory at 0x4a80dfcd60 of 16 bytes failed: Only part of a ReadProcessMemory or WriteProcessMemory request was completed. (0x12B)
[0606/105310.373:ERROR:exception_snapshot_win.cc(195)] EXCEPTION_POINTERS read failed
[0606/105310.373:ERROR:scoped_process_suspend.cc(40)] NtResumeProcess: An attempt was made to access an exiting process. (0xc000010a)
[0606/105319.805:ERROR:process_info.cc(359)] UncheckedAllocate
[0606/105839.612:ERROR:process_info.cc(359)] UncheckedAllocate
[0606/105839.612:ERROR:process_info.cc(359)] UncheckedAllocate
[0606/141013.080:ERROR:process_info.cc(359)] UncheckedAllocate
[0606/155456.105:ERROR:process_info.cc(359)] UncheckedAllocate
[0606/155457.045:ERROR:process_info.cc(359)] UncheckedAllocate
[0606/160329.930:ERROR:process_info.cc(359)] UncheckedAllocate
